<?xml version="1.0" encoding="UTF-8"?>
<!-- Generated by org.testng.reporters.JUnitXMLReporter -->
<testsuite ignored="1" hostname="DESKTOP-EJOHC9B" failures="0" tests="1" name="Default test" time="2.688" errors="0" timestamp="2025-07-07T21:44:45 IST">
  <testcase classname="deleteMethod.DeleteMethod" name="getCartItems" time="2.64"/>
  <testcase classname="deleteMethod.DeleteMethod" name="deleteAnCartItem" time="0.0">
    <ignored/>
  </testcase> <!-- deleteAnCartItem -->
</testsuite> <!-- Default test -->
