<?xml version="1.0" encoding="UTF-8"?>
<testng-results ignored="0" total="1" passed="1" failed="0" skipped="0">
  <reporter-output>
  </reporter-output>
  <suite started-at="2025-06-01T19:01:18 IST" name="Default suite" finished-at="2025-06-01T19:01:21 IST" duration-ms="3098">
    <groups>
    </groups>
    <test started-at="2025-06-01T19:01:18 IST" name="Default test" finished-at="2025-06-01T19:01:21 IST" duration-ms="3098">
      <class name="Serialization.Create_user_Using_Serialization">
        <test-method signature="createUser()[pri:0, instance:Serialization.Create_user_Using_Serialization@9597028]" started-at="2025-06-01T19:01:18 IST" name="createUser" finished-at="2025-06-01T19:01:21 IST" duration-ms="3051" status="PASS">
          <reporter-output>
          </reporter-output>
        </test-method> <!-- createUser -->
      </class> <!-- Serialization.Create_user_Using_Serialization -->
    </test> <!-- Default test -->
  </suite> <!-- Default suite -->
</testng-results>
